Build started 3/31/2015 9:30:45 PM.
     1>Project "D:\School-All\Concordia\COMP 371\Assignment2_workingcopy\Assignment2\VS2012\Assignment1.vcxproj" on node 2 (Build target(s)).
     1>ClCompile:
         C:\Program Files (x86)\Microsoft Visual Studio 11.0\VC\bin\CL.exe /c /I"../ThirdParty/glew-1.10.0/include" /I"../ThirdParty/glfw-3.0.4/include" /I../ThirdParty/glm /ZI /nologo /W3 /WX- /Od /Oy- /D WIN32 /D _DEBUG /D _CONSOLE /D _UNICODE /D UNICODE /Gm /EHsc /RTC1 /MDd /GS /fp:precise /Zc:wchar_t /Zc:forScope /Fo"D:\School-All\Concordia\COMP 371\Assignment2_workingcopy\Assignment2\VS2012\/../Build/Debug/" /Fd"D:\School-All\Concordia\COMP 371\Assignment2_workingcopy\Assignment2\VS2012\/../Build/Debug/vc110.pdb" /Gd /TP /analyze- /errorReport:prompt ..\Source\BSpline.cpp ..\Source\BSplineCamera.cpp ..\Source\Camera.cpp ..\Source\Path.cpp ..\Source\SphereModel.cpp ..\Source\StaticCamera.cpp ..\Source\EventManager.cpp ..\Source\main.cpp ..\Source\Model.cpp ..\Source\CubeModel.cpp ..\Source\Renderer.cpp ..\Source\ThirdPersonCamera.cpp ..\Source\World.cpp
         World.cpp
         ThirdPersonCamera.cpp
     1>d:\school-all\concordia\comp 371\assignment2_workingcopy\assignment2\source\thirdpersoncamera.cpp(31): warning C4305: '=' : truncation from 'double' to 'float'
         Renderer.cpp
     1>d:\school-all\concordia\comp 371\assignment2_workingcopy\assignment2\source\renderer.cpp(126): warning C4018: '<' : signed/unsigned mismatch
         CubeModel.cpp
         Model.cpp
         GLM: rotate function taking degrees as a parameter is deprecated. #define GLM_FORCE_RADIANS before including GLM headers to remove this message.
         main.cpp
         EventManager.cpp
         StaticCamera.cpp
         SphereModel.cpp
         Path.cpp
         Camera.cpp
         GLM: perspective function taking degrees as a parameter is deprecated. #define GLM_FORCE_RADIANS before including GLM headers to remove this message.
         BSplineCamera.cpp
     1>d:\school-all\concordia\comp 371\assignment2_workingcopy\assignment2\source\bsplinecamera.cpp(42): warning C4244: '=' : conversion from 'double' to 'float', possible loss of data
         BSpline.cpp
     1>d:\school-all\concordia\comp 371\assignment2_workingcopy\assignment2\source\bspline.cpp(185): warning C4018: '<' : signed/unsigned mismatch
         Generating Code...
       Link:
         C:\Program Files (x86)\Microsoft Visual Studio 11.0\VC\bin\link.exe /ERRORREPORT:PROMPT /OUT:"D:\School-All\Concordia\COMP 371\Assignment2_workingcopy\Assignment2\VS2012\/../Bin/Assignment1-Debug.exe" /INCREMENTAL /NOLOGO /LIBPATH:"../ThirdParty/glew-1.10.0/lib/Release/Win32" /LIBPATH:"../ThirdParty/glfw-3.0.4/lib/Win32/lib-msvc110" opengl32.lib glew32s.lib glfw3.lib kernel32.lib user32.lib gdi32.lib winspool.lib comdlg32.lib advapi32.lib shell32.lib ole32.lib oleaut32.lib uuid.lib odbc32.lib odbccp32.lib kernel32.lib user32.lib gdi32.lib winspool.lib comdlg32.lib advapi32.lib shell32.lib ole32.lib oleaut32.lib uuid.lib odbc32.lib odbccp32.lib /MANIFEST /MANIFESTUAC:"level='asInvoker' uiAccess='false'" /manifest:embed /DEBUG /PDB:"D:\School-All\Concordia\COMP 371\Assignment2_workingcopy\Assignment2\VS2012\/../Bin/Assignment1-Debug.pdb" /SUBSYSTEM:CONSOLE /TLBID:1 /DYNAMICBASE /NXCOMPAT /IMPLIB:"D:\School-All\Concordia\COMP 371\Assignment2_workingcopy\Assignment2\VS2012\/../Bin/Assignment1-Debug.lib" /MACHINE:X86 "D:\School-All\Concordia\COMP 371\Assignment2_workingcopy\Assignment2\VS2012\/../Build/Debug/BSpline.obj"
         "D:\School-All\Concordia\COMP 371\Assignment2_workingcopy\Assignment2\VS2012\/../Build/Debug/BSplineCamera.obj"
         "D:\School-All\Concordia\COMP 371\Assignment2_workingcopy\Assignment2\VS2012\/../Build/Debug/Camera.obj"
         "D:\School-All\Concordia\COMP 371\Assignment2_workingcopy\Assignment2\VS2012\/../Build/Debug/Path.obj"
         "D:\School-All\Concordia\COMP 371\Assignment2_workingcopy\Assignment2\VS2012\/../Build/Debug/SphereModel.obj"
         "D:\School-All\Concordia\COMP 371\Assignment2_workingcopy\Assignment2\VS2012\/../Build/Debug/StaticCamera.obj"
         "D:\School-All\Concordia\COMP 371\Assignment2_workingcopy\Assignment2\VS2012\/../Build/Debug/EventManager.obj"
         "D:\School-All\Concordia\COMP 371\Assignment2_workingcopy\Assignment2\VS2012\/../Build/Debug/main.obj"
         "D:\School-All\Concordia\COMP 371\Assignment2_workingcopy\Assignment2\VS2012\/../Build/Debug/Model.obj"
         "D:\School-All\Concordia\COMP 371\Assignment2_workingcopy\Assignment2\VS2012\/../Build/Debug/CubeModel.obj"
         "D:\School-All\Concordia\COMP 371\Assignment2_workingcopy\Assignment2\VS2012\/../Build/Debug/Renderer.obj"
         "D:\School-All\Concordia\COMP 371\Assignment2_workingcopy\Assignment2\VS2012\/../Build/Debug/ThirdPersonCamera.obj"
         "D:\School-All\Concordia\COMP 371\Assignment2_workingcopy\Assignment2\VS2012\/../Build/Debug/World.obj"
     1>LINK : warning LNK4098: defaultlib 'LIBCMT' conflicts with use of other libs; use /NODEFAULTLIB:library
     1>LINK : warning LNK4098: defaultlib 'MSVCRT' conflicts with use of other libs; use /NODEFAULTLIB:library
     1>glew32s.lib(glew.obj) : warning LNK4099: PDB 'vc100.pdb' was not found with 'glew32s.lib(glew.obj)' or at 'D:\School-All\Concordia\COMP 371\Assignment2_workingcopy\Assignment2\Bin\vc100.pdb'; linking object as if no debug info
         Assignment1.vcxproj -> D:\School-All\Concordia\COMP 371\Assignment2_workingcopy\Assignment2\VS2012\/../Bin/Assignment1-Debug.exe
     1>Done Building Project "D:\School-All\Concordia\COMP 371\Assignment2_workingcopy\Assignment2\VS2012\Assignment1.vcxproj" (Build target(s)).

Build succeeded.

Time Elapsed 00:00:21.03
